# JRE version: OpenJDK Runtime Environment Temurin-17.0.1+12 (17.0.1+12) (build 17.0.1+12)
# Java VM: OpenJDK 64-Bit Server VM Temurin-17.0.1+12 (17.0.1+12, mixed mode, emulated-client, tiered, compressed oops, compressed class ptrs, g1 gc, linux-amd64)
GC Precious Log:
 CPUs: 12 total, 12 available
 Memory: 15835M
 Large Page Support: Disabled
 NUMA Support: Disabled
 Compressed Oops: Enabled (Zero based)
 Heap Region Size: 2M
 Heap Min Capacity: 8M
 Heap Initial Capacity: 248M
 Heap Max Capacity: 3960M
 Pre-touch: Disabled
 Parallel Workers: 10
 Concurrent Workers: 3
 Concurrent Refinement Workers: 10
 Periodic GC: Disabled
Heap:
 garbage-first heap   total 169984K, used 100805K [0x0000000708800000, 0x0000000800000000)
  region size 2048K, 28 young (57344K), 2 survivors (4096K)
 Metaspace       used 85017K, committed 85568K, reserved 1130496K
  class space    used 11745K, committed 11968K, reserved 1048576K
GC Heap History (20 events):
Event: 3,309 GC heap before
{Heap before GC invocations=17 (full 0):
 garbage-first heap   total 145408K, used 87102K [0x0000000708800000, 0x0000000800000000)
  region size 2048K, 34 young (69632K), 2 survivors (4096K)
 Metaspace       used 59921K, committed 60288K, reserved 1105920K
  class space    used 8109K, committed 8256K, reserved 1048576K
}
Event: 3,312 GC heap after
{Heap after GC invocations=18 (full 0):
 garbage-first heap   total 145408K, used 24711K [0x0000000708800000, 0x0000000800000000)
  region size 2048K, 3 young (6144K), 3 survivors (6144K)
 Metaspace       used 59921K, committed 60288K, reserved 1105920K
  class space    used 8109K, committed 8256K, reserved 1048576K
}
Event: 3,662 GC heap before
{Heap before GC invocations=19 (full 0):
 garbage-first heap   total 102400K, used 80007K [0x0000000708800000, 0x0000000800000000)
  region size 2048K, 30 young (61440K), 3 survivors (6144K)
 Metaspace       used 64331K, committed 64704K, reserved 1105920K
  class space    used 8788K, committed 8960K, reserved 1048576K
}
Event: 3,667 GC heap after
{Heap after GC invocations=20 (full 0):
 garbage-first heap   total 102400K, used 26290K [0x0000000708800000, 0x0000000800000000)
  region size 2048K, 3 young (6144K), 3 survivors (6144K)
 Metaspace       used 64331K, committed 64704K, reserved 1105920K
  class space    used 8788K, committed 8960K, reserved 1048576K
}
Event: 3,981 GC heap before
{Heap before GC invocations=20 (full 0):
 garbage-first heap   total 102400K, used 81586K [0x0000000708800000, 0x0000000800000000)
  region size 2048K, 30 young (61440K), 3 survivors (6144K)
 Metaspace       used 68866K, committed 69312K, reserved 1114112K
  class space    used 9365K, committed 9600K, reserved 1048576K
}
Event: 3,987 GC heap after
{Heap after GC invocations=21 (full 0):
 garbage-first heap   total 102400K, used 28995K [0x0000000708800000, 0x0000000800000000)
  region size 2048K, 4 young (8192K), 4 survivors (8192K)
 Metaspace       used 68866K, committed 69312K, reserved 1114112K
  class space    used 9365K, committed 9600K, reserved 1048576K
}
Event: 4,026 GC heap before
{Heap before GC invocations=21 (full 0):
 garbage-first heap   total 102400K, used 80195K [0x0000000708800000, 0x0000000800000000)
  region size 2048K, 30 young (61440K), 4 survivors (8192K)
 Metaspace       used 69276K, committed 69696K, reserved 1114112K
  class space    used 9404K, committed 9600K, reserved 1048576K
}
Event: 4,031 GC heap after
{Heap after GC invocations=22 (full 0):
 garbage-first heap   total 102400K, used 29497K [0x0000000708800000, 0x0000000800000000)
  region size 2048K, 2 young (4096K), 2 survivors (4096K)
 Metaspace       used 69276K, committed 69696K, reserved 1114112K
  class space    used 9404K, committed 9600K, reserved 1048576K
}
Event: 4,169 GC heap before
{Heap before GC invocations=22 (full 0):
 garbage-first heap   total 102400K, used 82745K [0x0000000708800000, 0x0000000800000000)
  region size 2048K, 29 young (59392K), 2 survivors (4096K)
 Metaspace       used 70074K, committed 70528K, reserved 1114112K
  class space    used 9525K, committed 9728K, reserved 1048576K
}
Event: 4,172 GC heap after
{Heap after GC invocations=23 (full 0):
 garbage-first heap   total 141312K, used 30114K [0x0000000708800000, 0x0000000800000000)
  region size 2048K, 2 young (4096K), 2 survivors (4096K)
 Metaspace       used 70074K, committed 70528K, reserved 1114112K
  class space    used 9525K, committed 9728K, reserved 1048576K
}
Event: 4,588 GC heap before
{Heap before GC invocations=23 (full 0):
 garbage-first heap   total 141312K, used 109986K [0x0000000708800000, 0x0000000800000000)
  region size 2048K, 41 young (83968K), 2 survivors (4096K)
 Metaspace       used 71903K, committed 72384K, reserved 1114112K
  class space    used 9761K, committed 9984K, reserved 1048576K
}
Event: 4,591 GC heap after
{Heap after GC invocations=24 (full 0):
 garbage-first heap   total 141312K, used 32899K [0x0000000708800000, 0x0000000800000000)
  region size 2048K, 4 young (8192K), 4 survivors (8192K)
 Metaspace       used 71903K, committed 72384K, reserved 1114112K
  class space    used 9761K, committed 9984K, reserved 1048576K
}
Event: 5,041 GC heap before
{Heap before GC invocations=24 (full 0):
 garbage-first heap   total 141312K, used 108675K [0x0000000708800000, 0x0000000800000000)
  region size 2048K, 41 young (83968K), 4 survivors (8192K)
 Metaspace       used 74356K, committed 74816K, reserved 1114112K
  class space    used 10098K, committed 10304K, reserved 1048576K
}
Event: 5,047 GC heap after
{Heap after GC invocations=25 (full 0):
 garbage-first heap   total 141312K, used 38427K [0x0000000708800000, 0x0000000800000000)
  region size 2048K, 5 young (10240K), 5 survivors (10240K)
 Metaspace       used 74356K, committed 74816K, reserved 1114112K
  class space    used 10098K, committed 10304K, reserved 1048576K
}
Event: 5,486 GC heap before
{Heap before GC invocations=25 (full 0):
 garbage-first heap   total 141312K, used 112155K [0x0000000708800000, 0x0000000800000000)
  region size 2048K, 41 young (83968K), 5 survivors (10240K)
 Metaspace       used 77256K, committed 77760K, reserved 1122304K
  class space    used 10542K, committed 10752K, reserved 1048576K
}
Event: 5,494 GC heap after
{Heap after GC invocations=26 (full 0):
 garbage-first heap   total 141312K, used 42989K [0x0000000708800000, 0x0000000800000000)
  region size 2048K, 5 young (10240K), 5 survivors (10240K)
 Metaspace       used 77256K, committed 77760K, reserved 1122304K
  class space    used 10542K, committed 10752K, reserved 1048576K
}
Event: 5,931 GC heap before
{Heap before GC invocations=26 (full 0):
 garbage-first heap   total 141312K, used 112621K [0x0000000708800000, 0x0000000800000000)
  region size 2048K, 39 young (79872K), 5 survivors (10240K)
 Metaspace       used 79072K, committed 79616K, reserved 1122304K
  class space    used 10806K, committed 11072K, reserved 1048576K
}
Event: 5,939 GC heap after
{Heap after GC invocations=27 (full 0):
 garbage-first heap   total 141312K, used 48452K [0x0000000708800000, 0x0000000800000000)
  region size 2048K, 5 young (10240K), 5 survivors (10240K)
 Metaspace       used 79072K, committed 79616K, reserved 1122304K
  class space    used 10806K, committed 11072K, reserved 1048576K
}
Event: 6,319 GC heap before
{Heap before GC invocations=27 (full 0):
 garbage-first heap   total 141312K, used 113988K [0x0000000708800000, 0x0000000800000000)
  region size 2048K, 37 young (75776K), 5 survivors (10240K)
 Metaspace       used 81126K, committed 81664K, reserved 1122304K
  class space    used 11249K, committed 11520K, reserved 1048576K
}
Event: 6,325 GC heap after
{Heap after GC invocations=28 (full 0):
 garbage-first heap   total 169984K, used 51653K [0x0000000708800000, 0x0000000800000000)
  region size 2048K, 2 young (4096K), 2 survivors (4096K)
 Metaspace       used 81126K, committed 81664K, reserved 1122304K
  class space    used 11249K, committed 11520K, reserved 1048576K
}

